  TranslateWidget.cpp
  TransformWidget.cpp
  RotateWidgetV2.cpp
  RotateWidgetV1.cpp
  RotateWidget.cpp
  OBJReader.cpp
  InteractiveWidget.cpp
  GLWindowContainer.cpp
  GLWindow3D.cpp
  GLWindow2D.cpp
  GLWindow.cpp
  GLUtils.cpp
  GLTrackingCamera.cpp
  GLTexture.cpp
  GLShaderMaterial.cpp
  GLShader.cpp
  GlobalMouseState.cpp
  GLMesh.cpp
  GLContentManager.cpp
  GLConsole.cpp
  正在產生程式碼...
  正在編譯...
  GLCamera.cpp
  GLApplication.cpp
  FreeType.cpp
  正在產生程式碼...
  GUILib.vcxproj -> D:\data\交大\上課\大三下\電腦動畫\NYCU-CA2022-team19-PBF\code\Debug\GUILib.lib
